<?xml version="1.0" encoding="UTF-8"?>
<!-- Generated by org.testng.reporters.JUnitXMLReporter -->
<testsuite ignored="0" hostname="LAPTOP-INFITVQT" failures="0" tests="13" name="Default test" time="57.632" errors="0" timestamp="2022-06-14T22:37:13 WIB">
  <testcase classname="com.nexsoft.tesng.userbiodata.UserBiodataTest" name="login" time="3.082"/>
  <testcase classname="com.nexsoft.tesng.userbiodata.UserBiodataTest" name="createData" time="5.284"/>
  <testcase classname="com.nexsoft.tesng.userbiodata.UserBiodataTest" name="createData" time="4.929"/>
  <testcase classname="com.nexsoft.tesng.userbiodata.UserBiodataTest" name="createData" time="4.839"/>
  <testcase classname="com.nexsoft.tesng.userbiodata.UserBiodataTest" name="createData" time="4.851"/>
  <testcase classname="com.nexsoft.tesng.userbiodata.UserBiodataTest" name="createData" time="4.754"/>
  <testcase classname="com.nexsoft.tesng.userbiodata.UserBiodataTest" name="createData" time="4.91"/>
  <testcase classname="com.nexsoft.tesng.userbiodata.UserBiodataTest" name="createData" time="4.95"/>
  <testcase classname="com.nexsoft.tesng.userbiodata.UserBiodataTest" name="createData" time="4.897"/>
  <testcase classname="com.nexsoft.tesng.userbiodata.UserBiodataTest" name="createData" time="4.97"/>
  <testcase classname="com.nexsoft.tesng.userbiodata.UserBiodataTest" name="createData" time="4.879"/>
  <testcase classname="com.nexsoft.tesng.userbiodata.UserBiodataTest" name="getUsername" time="0.384"/>
  <testcase classname="com.nexsoft.tesng.userbiodata.UserBiodataTest" name="getUsername2" time="0.043"/>
</testsuite> <!-- Default test -->
