<?xml version="1.0" encoding="UTF-8"?>
<!-- Generated by org.testng.reporters.JUnitXMLReporter -->
<testsuite ignored="0" hostname="LAPTOP-INFITVQT" failures="0" tests="8" name="BackEnd Test" time="11.396" errors="0" timestamp="2022-06-14T14:16:24 WIB">
  <testcase classname="com.nexsoft.testng.dashboard.CRUDBuilderTest" name="cobaDulu" time="0.008"/>
  <testcase classname="com.nexsoft.testng.dashboard.CRUDBuilderTest" name="cobaDulu" time="0.009"/>
  <testcase classname="com.nexsoft.testng.dashboard.CRUDBuilderTest" name="cobaDulu" time="0.009"/>
  <testcase classname="com.nexsoft.testng.dashboard.CRUDBuilderTest" name="cobaDulu" time="0.009"/>
  <testcase classname="com.nexsoft.testng.dashboard.CRUDBuilderTest" name="login" time="2.742"/>
  <testcase classname="com.nexsoft.testng.dashboard.CRUDBuilderTest" name="createData" time="5.855"/>
  <testcase classname="com.nexsoft.testng.dashboard.CRUDBuilderTest" name="getUsername" time="0.07"/>
  <testcase classname="com.nexsoft.testng.dashboard.CRUDBuilderTest" name="getUsername2" time="0.05"/>
</testsuite> <!-- BackEnd Test -->
