<?xml version="1.0" encoding="UTF-8"?>
<!-- Generated by org.testng.reporters.JUnitXMLReporter -->
<testsuite ignored="0" hostname="LAPTOP-INFITVQT" failures="0" tests="4" name="FrontEnd Test" time="7.271" errors="0" timestamp="2022-06-14T14:16:13 WIB">
  <testcase classname="com.nexsoft.testng.frontpage.FrontPageTest" name="consumeData" time="0.017"/>
  <testcase classname="com.nexsoft.testng.frontpage.FrontPageTest" name="consumeData" time="0.004"/>
  <testcase classname="com.nexsoft.testng.frontpage.FrontPageTest" name="login" time="2.843"/>
  <testcase classname="com.nexsoft.testng.frontpage.FrontPageTest" name="setLanguage" time="0.002"/>
</testsuite> <!-- FrontEnd Test -->
